TN:
SF:apiConfig\baseRequest.js
FN:6,(anonymous_0)
FN:7,(anonymous_1)
FN:23,(anonymous_2)
FN:24,(anonymous_3)
FN:27,(anonymous_4)
FNF:5
FNH:0
FNDA:0,(anonymous_0)
FNDA:0,(anonymous_1)
FNDA:0,(anonymous_2)
FNDA:0,(anonymous_3)
FNDA:0,(anonymous_4)
DA:6,1
DA:7,0
DA:8,0
DA:10,0
DA:18,0
DA:19,0
DA:22,0
DA:23,0
DA:25,0
DA:28,0
LF:10
LH:1
BRDA:6,0,0,0
BRDA:18,1,0,0
BRDA:18,1,1,0
BRF:3
BRH:0
end_of_record
TN:
SF:apiConfig\urls.js
FN:6,(anonymous_0)
FNF:1
FNH:0
FNDA:0,(anonymous_0)
DA:2,1
DA:3,1
DA:4,1
DA:5,1
DA:6,1
LF:5
LH:5
BRF:0
BRH:0
end_of_record
TN:
SF:lib\gaTag.js
FN:4,(anonymous_0)
FN:11,(anonymous_1)
FNF:2
FNH:0
FNDA:0,(anonymous_0)
FNDA:0,(anonymous_1)
DA:1,1
DA:4,1
DA:5,0
DA:11,1
DA:12,0
LF:5
LH:3
BRF:0
BRH:0
end_of_record
TN:
SF:pages\demo.js
FN:4,(anonymous_0)
FN:6,(anonymous_1)
FNF:2
FNH:1
FNDA:1,(anonymous_0)
FNDA:0,(anonymous_1)
DA:4,1
DA:5,1
DA:6,1
DA:7,0
DA:8,0
DA:15,1
LF:6
LH:4
BRF:0
BRH:0
end_of_record
TN:
SF:redux\reducers.js
FNF:0
FNH:0
DA:5,1
LF:1
LH:1
BRF:0
BRH:0
end_of_record
TN:
SF:redux\sagas.js
FN:9,rootSaga
FNF:1
FNH:1
FNDA:1,rootSaga
DA:10,1
LF:1
LH:1
BRF:0
BRH:0
end_of_record
TN:
SF:redux\store.js
FN:11,(anonymous_0)
FN:25,configureStore
FN:28,(anonymous_2)
FNF:3
FNH:3
FNDA:1,(anonymous_0)
FNDA:1,configureStore
FNDA:1,(anonymous_2)
DA:9,1
DA:11,1
DA:12,1
DA:14,1
DA:15,1
DA:16,1
DA:18,0
DA:26,1
DA:28,1
DA:29,1
DA:32,1
DA:34,1
DA:36,1
DA:37,1
LF:14
LH:13
BRDA:14,0,0,1
BRDA:14,0,1,0
BRF:2
BRH:1
end_of_record
TN:
SF:redux\user\action.js
FNF:0
FNH:0
DA:3,4
LF:1
LH:1
BRF:0
BRH:0
end_of_record
TN:
SF:redux\user\reducer.js
FN:15,(anonymous_0)
FN:21,(anonymous_1)
FN:29,(anonymous_2)
FNF:3
FNH:2
FNDA:1,(anonymous_0)
FNDA:1,(anonymous_1)
FNDA:0,(anonymous_2)
DA:5,2
DA:15,2
DA:21,2
DA:29,2
DA:40,2
LF:5
LH:5
BRDA:15,0,0,0
BRDA:21,1,0,0
BRDA:29,2,0,0
BRF:3
BRH:0
end_of_record
TN:
SF:redux\user\saga.js
FN:12,firstCall
FN:31,userWatcher
FNF:2
FNH:2
FNDA:1,firstCall
FNDA:1,userWatcher
DA:13,1
DA:14,1
DA:15,1
DA:19,1
DA:21,0
DA:32,1
LF:6
LH:5
BRF:0
BRH:0
end_of_record
